[    0.000000] Initializing cgroup subsys cpuset
[    0.000000] Initializing cgroup subsys cpu
[    0.000000] Initializing cgroup subsys cpuacct
[    0.000000] Linux version 4.4.0-109-generic (buildd@lgw01-amd64-038) (gcc version 5.4.0 20160609 (Ubuntu 5.4.0-6ubuntu1~16.04.5) ) #132-Ubuntu SMP Tue Jan 9 19:52:39 UTC 2018 (Ubuntu 4.4.0-109.132-generic 4.4.98)
[    0.000000] Command line: BOOT_IMAGE=/boot/vmlinuz-4.4.0-109-generic root=UUID=ada4dcd2-3877-4526-85bf-7d4a18ed8033 ro console=tty1 console=ttyS0
[    0.000000] KERNEL supported cpus:
[    0.000000]   Intel GenuineIntel
[    0.000000]   AMD AuthenticAMD
[    0.000000]   Centaur CentaurHauls
[    0.000000] x86/fpu: Legacy x87 FPU detected.
[    0.000000] x86/fpu: Using 'lazy' FPU context switches.
[    0.000000] e820: BIOS-provided physical RAM map:
[    0.000000] BIOS-e820: [mem 0x0000000000000000-0x000000000009fbff] usable
[    0.000000] BIOS-e820: [mem 0x000000000009fc00-0x000000000009ffff] reserved
[    0.000000] BIOS-e820: [mem 0x00000000000f0000-0x00000000000fffff] reserved
[    0.000000] BIOS-e820: [mem 0x0000000000100000-0x000000003ffeffff] usable
[    0.000000] BIOS-e820: [mem 0x000000003fff0000-0x000000003fffffff] ACPI data
[    0.000000] BIOS-e820: [mem 0x00000000fec00000-0x00000000fec00fff] reserved
[    0.000000] BIOS-e820: [mem 0x00000000fee00000-0x00000000fee00fff] reserved
[    0.000000] BIOS-e820: [mem 0x00000000fffc0000-0x00000000ffffffff] reserved
[    0.000000] NX (Execute Disable) protection: active
[    0.000000] SMBIOS 2.5 present.
[    0.000000] Hypervisor detected: KVM
[    0.000000] e820: last_pfn = 0x3fff0 max_arch_pfn = 0x400000000
[    0.000000] MTRR: Disabled
[    0.000000] x86/PAT: MTRRs disabled, skipping PAT initialization too.
[    0.000000] CPU MTRRs all blank - virtualized system.
[    0.000000] x86/PAT: Configuration [0-7]: WB  WT  UC- UC  WB  WT  UC- UC  
[    0.000000] found SMP MP-table at [mem 0x0009fff0-0x0009ffff] mapped at [ffff88000009fff0]
[    0.000000] Scanning 1 areas for low memory corruption
[    0.000000] RAMDISK: [mem 0x36232000-0x37110fff]
[    0.000000] ACPI: Early table checksum verification disabled
[    0.000000] ACPI: RSDP 0x00000000000E0000 000024 (v02 VBOX  )
[    0.000000] ACPI: XSDT 0x000000003FFF0030 00003C (v01 VBOX   VBOXXSDT 00000001 ASL  00000061)
[    0.000000] ACPI: FACP 0x000000003FFF00F0 0000F4 (v04 VBOX   VBOXFACP 00000001 ASL  00000061)
[    0.000000] ACPI: DSDT 0x000000003FFF0470 0021FF (v02 VBOX   VBOXBIOS 00000002 INTL 20100528)
[    0.000000] ACPI: FACS 0x000000003FFF0200 000040
[    0.000000] ACPI: FACS 0x000000003FFF0200 000040
[    0.000000] ACPI: APIC 0x000000003FFF0240 00005C (v02 VBOX   VBOXAPIC 00000001 ASL  00000061)
[    0.000000] ACPI: SSDT 0x000000003FFF02A0 0001CC (v01 VBOX   VBOXCPUT 00000002 INTL 20100528)
[    0.000000] No NUMA configuration found
[    0.000000] Faking a node at [mem 0x0000000000000000-0x000000003ffeffff]
[    0.000000] NODE_DATA(0) allocated [mem 0x3ffeb000-0x3ffeffff]
[    0.000000] kvm-clock: Using msrs 4b564d01 and 4b564d00
[    0.000000] kvm-clock: cpu 0, msr 0:3ffe3001, primary cpu clock
[    0.000000] kvm-clock: using sched offset of 3673264659 cycles
[    0.000000] clocksource: kvm-clock: mask: 0xffffffffffffffff max_cycles: 0x1cd42e4dffb, max_idle_ns: 881590591483 ns
[    0.000000] Zone ranges:
[    0.000000]   DMA      [mem 0x0000000000001000-0x0000000000ffffff]
[    0.000000]   DMA32    [mem 0x0000000001000000-0x000000003ffeffff]
[    0.000000]   Normal   empty
[    0.000000]   Device   empty
[    0.000000] Movable zone start for each node
[    0.000000] Early memory node ranges
[    0.000000]   node   0: [mem 0x0000000000001000-0x000000000009efff]
[    0.000000]   node   0: [mem 0x0000000000100000-0x000000003ffeffff]
[    0.000000] Initmem setup node 0 [mem 0x0000000000001000-0x000000003ffeffff]
[    0.000000] ACPI: PM-Timer IO Port: 0x4008
[    0.000000] IOAPIC[0]: apic_id 2, version 32, address 0xfec00000, GSI 0-23
[    0.000000] ACPI: INT_SRC_OVR (bus 0 bus_irq 0 global_irq 2 dfl dfl)
[    0.000000] ACPI: INT_SRC_OVR (bus 0 bus_irq 9 global_irq 9 high level)
[    0.000000] Using ACPI (MADT) for SMP configuration information
[    0.000000] smpboot: Allowing 2 CPUs, 0 hotplug CPUs
[    0.000000] PM: Registered nosave memory: [mem 0x00000000-0x00000fff]
[    0.000000] PM: Registered nosave memory: [mem 0x0009f000-0x0009ffff]
[    0.000000] PM: Registered nosave memory: [mem 0x000a0000-0x000effff]
[    0.000000] PM: Registered nosave memory: [mem 0x000f0000-0x000fffff]
[    0.000000] e820: [mem 0x40000000-0xfebfffff] available for PCI devices
[    0.000000] Booting paravirtualized kernel on KVM
[    0.000000] clocksource: refined-jiffies: mask: 0xffffffff max_cycles: 0xffffffff, max_idle_ns: 7645519600211568 ns
[    0.000000] setup_percpu: NR_CPUS:512 nr_cpumask_bits:512 nr_cpu_ids:2 nr_node_ids:1
[    0.000000] PERCPU: Embedded 34 pages/cpu @ffff88003fc00000 s99544 r8192 d31528 u1048576
[    0.000000] PV qspinlock hash table entries: 256 (order: 0, 4096 bytes)
[    0.000000] Built 1 zonelists in Node order, mobility grouping on.  Total pages: 257913
[    0.000000] Policy zone: DMA32
[    0.000000] Kernel command line: BOOT_IMAGE=/boot/vmlinuz-4.4.0-109-generic root=UUID=ada4dcd2-3877-4526-85bf-7d4a18ed8033 ro console=tty1 console=ttyS0
[    0.000000] PID hash table entries: 4096 (order: 3, 32768 bytes)
[    0.000000] Memory: 997304K/1048120K available (8485K kernel code, 1308K rwdata, 3988K rodata, 1508K init, 1316K bss, 50816K reserved, 0K cma-reserved)
[    0.000000] SLUB: HWalign=64, Order=0-3, MinObjects=0, CPUs=2, Nodes=1
[    0.000000] Kernel/User page tables isolation: enabled
[    0.000000] Hierarchical RCU implementation.
[    0.000000] 	Build-time adjustment of leaf fanout to 64.
[    0.000000] 	RCU restricting CPUs from NR_CPUS=512 to nr_cpu_ids=2.
[    0.000000] RCU: Adjusting geometry for rcu_fanout_leaf=64, nr_cpu_ids=2
[    0.000000] NR_IRQS:33024 nr_irqs:440 16
[    0.000000] Console: colour VGA+ 80x25
[    0.000000] console [tty1] enabled
[    0.000000] console [ttyS0] enabled
[    0.000000] tsc: Detected 2527.000 MHz processor
[    0.682003] Calibrating delay loop (skipped) preset value.. 5054.00 BogoMIPS (lpj=10108000)
[    0.684496] pid_max: default: 32768 minimum: 301
[    0.685784] ACPI: Core revision 20150930
[    0.688343] ACPI: 2 ACPI AML tables successfully acquired and loaded
[    0.691698] Security Framework initialized
[    0.693049] Yama: becoming mindful.
[    0.717291] AppArmor: AppArmor initialized
[    0.718528] Dentry cache hash table entries: 131072 (order: 8, 1048576 bytes)
[    0.722776] Inode-cache hash table entries: 65536 (order: 7, 524288 bytes)
[    0.741426] Mount-cache hash table entries: 2048 (order: 2, 16384 bytes)
[    0.756445] Mountpoint-cache hash table entries: 2048 (order: 2, 16384 bytes)
[    0.771066] Initializing cgroup subsys io
[    0.810089] Initializing cgroup subsys memory
[    0.811274] Initializing cgroup subsys devices
[    0.814450] Initializing cgroup subsys freezer
[    0.815656] Initializing cgroup subsys net_cls
[    0.816883] Initializing cgroup subsys perf_event
[    0.818138] Initializing cgroup subsys net_prio
[    0.819371] Initializing cgroup subsys hugetlb
[    0.824272] Initializing cgroup subsys pids
[    0.825562] CPU: Physical Processor ID: 0
[    0.826660] CPU: Processor Core ID: 0
[    0.827845] mce: CPU supports 0 MCE banks
[    0.829024] Last level iTLB entries: 4KB 512, 2MB 7, 4MB 7
[    0.830397] Last level dTLB entries: 4KB 512, 2MB 32, 4MB 32, 1GB 0
[    0.834630] Freeing SMP alternatives memory: 32K
[    0.848558] ftrace: allocating 32171 entries in 126 pages
[    0.921402] smpboot: APIC(0) Converting physical 0 to logical package 0
[    0.930934] smpboot: Max logical packages: 1
[    0.933549] x2apic enabled
[    0.957162] Switched APIC routing to physical x2apic.
[    0.966959] ..TIMER: vector=0x30 apic1=0 pin1=2 apic2=-1 pin2=-1
[    1.092873] smpboot: CPU0: Intel(R) Core(TM) i3 CPU       M 380  @ 2.53GHz (family: 0x6, model: 0x25, stepping: 0x5)
[    1.137468] Performance Events: unsupported p6 CPU model 37 no PMU driver, software events only.
[    1.160631] KVM setup paravirtual spinlock
[    1.162754] x86: Booting SMP configuration:
[    1.171950] .... node  #0, CPUs:      #1
[    1.173221] kvm-clock: cpu 1, msr 0:3ffe3041, secondary cpu clock
[    1.174872] mce: CPU supports 0 MCE banks
[    1.177946] x86: Booted up 1 node, 2 CPUs
[    1.187839] smpboot: Total of 2 processors activated (10108.00 BogoMIPS)
[    1.190038] devtmpfs: initialized
[    1.228231] evm: security.selinux
[    1.242917] evm: security.SMACK64
[    1.243901] evm: security.SMACK64EXEC
[    1.244924] evm: security.SMACK64TRANSMUTE
[    1.246075] evm: security.SMACK64MMAP
[    1.265215] evm: security.ima
[    1.266159] evm: security.capability
[    1.275175] clocksource: jiffies: mask: 0xffffffff max_cycles: 0xffffffff, max_idle_ns: 7645041785100000 ns
[    1.281846] futex hash table entries: 512 (order: 3, 32768 bytes)
[    1.287830] pinctrl core: initialized pinctrl subsystem
[    1.321470] RTC time: 15:11:53, date: 01/15/18
[    1.331947] NET: Registered protocol family 16
[    1.350652] cpuidle: using governor ladder
[    1.370191] cpuidle: using governor menu
[    1.377052] PCCT header not found.
[    1.397486] ACPI: bus type PCI registered
[    1.401016] acpiphp: ACPI Hot Plug PCI Controller Driver version: 0.5
[    1.407592] PCI: Using configuration type 1 for base access
[    1.424090] ACPI: Added _OSI(Module Device)
[    1.431732] ACPI: Added _OSI(Processor Device)
[    1.433674] ACPI: Added _OSI(3.0 _SCP Extensions)
[    1.447363] ACPI: Added _OSI(Processor Aggregator Device)
[    1.449741] ACPI: Executed 1 blocks of module-level executable AML code
[    1.459496] ACPI: Interpreter enabled
[    1.469054] ACPI: (supports S0 S5)
[    1.477416] ACPI: Using IOAPIC for interrupt routing
[    1.481477] PCI: Using host bridge windows from ACPI; if necessary, use "pci=nocrs" and report a bug
[    1.491831] ACPI: PCI Root Bridge [PCI0] (domain 0000 [bus 00-ff])
[    1.500364] acpi PNP0A03:00: _OSC: OS supports [ASPM ClockPM Segments MSI]
[    1.510205] acpi PNP0A03:00: _OSC: not requesting OS control; OS requires [ExtendedConfig ASPM ClockPM MSI]
[    1.522291] acpi PNP0A03:00: fail to add MMCONFIG information, can't access extended PCI configuration space under this bridge.
[    1.542093] PCI host bridge to bus 0000:00
[    1.547247] pci_bus 0000:00: root bus resource [io  0x0000-0x0cf7 window]
[    1.549836] pci_bus 0000:00: root bus resource [io  0x0d00-0xffff window]
[    1.562247] pci_bus 0000:00: root bus resource [mem 0x000a0000-0x000bffff window]
[    1.571889] pci_bus 0000:00: root bus resource [mem 0x40000000-0xffdfffff window]
[    1.581181] pci_bus 0000:00: root bus resource [bus 00-ff]
[    1.585650] pci 0000:00:01.1: legacy IDE quirk: reg 0x10: [io  0x01f0-0x01f7]
[    1.592713] pci 0000:00:01.1: legacy IDE quirk: reg 0x14: [io  0x03f6]
[    1.594422] pci 0000:00:01.1: legacy IDE quirk: reg 0x18: [io  0x0170-0x0177]
[    1.612065] pci 0000:00:01.1: legacy IDE quirk: reg 0x1c: [io  0x0376]
[    1.648166] pci 0000:00:07.0: quirk: [io  0x4000-0x403f] claimed by PIIX4 ACPI
[    1.672837] pci 0000:00:07.0: quirk: [io  0x4100-0x410f] claimed by PIIX4 SMB
[    1.696287] ACPI: PCI Interrupt Link [LNKA] (IRQs 5 9 10 *11)
[    1.706400] ACPI: PCI Interrupt Link [LNKB] (IRQs 5 9 10 *11)
[    1.712170] ACPI: PCI Interrupt Link [LNKC] (IRQs 5 9 *10 11)
[    1.714394] ACPI: PCI Interrupt Link [LNKD] (IRQs 5 *9 10 11)
[    1.723905] ACPI: Enabled 2 GPEs in block 00 to 07
[    1.725816] vgaarb: setting as boot device: PCI:0000:00:02.0
[    1.750686] vgaarb: device added: PCI:0000:00:02.0,decodes=io+mem,owns=io+mem,locks=none
[    1.763086] vgaarb: loaded
[    1.763939] vgaarb: bridge control possible 0000:00:02.0
[    1.765681] SCSI subsystem initialized
[    1.781610] ACPI: bus type USB registered
[    1.790295] usbcore: registered new interface driver usbfs
[    1.791696] usbcore: registered new interface driver hub
[    1.793091] usbcore: registered new device driver usb
[    1.804306] PCI: Using ACPI for IRQ routing
[    1.813309] NetLabel: Initializing
[    1.819454] NetLabel:  domain hash size = 128
[    1.823760] NetLabel:  protocols = UNLABELED CIPSOv4
[    1.831938] NetLabel:  unlabeled traffic allowed by default
[    1.846497] amd_nb: Cannot enumerate AMD northbridges
[    1.853086] clocksource: Switched to clocksource kvm-clock
[    1.886481] AppArmor: AppArmor Filesystem Enabled
[    1.903696] pnp: PnP ACPI init
[    1.905923] pnp: PnP ACPI: found 3 devices
[    1.960252] clocksource: acpi_pm: mask: 0xffffff max_cycles: 0xffffff, max_idle_ns: 2085701024 ns
[    1.973264] NET: Registered protocol family 2
[    1.983092] TCP established hash table entries: 8192 (order: 4, 65536 bytes)
[    2.035418] TCP bind hash table entries: 8192 (order: 5, 131072 bytes)
[    2.048690] TCP: Hash tables configured (established 8192 bind 8192)
[    2.050321] UDP hash table entries: 512 (order: 2, 16384 bytes)
[    2.058315] UDP-Lite hash table entries: 512 (order: 2, 16384 bytes)
[    2.059966] NET: Registered protocol family 1
[    2.061264] pci 0000:00:00.0: Limiting direct PCI/PCI transfers
[    2.065688] pci 0000:00:01.0: Activating ISA DMA hang workarounds
[    2.067521] Unpacking initramfs...
[    2.432301] Freeing initrd memory: 15228K
[    2.441305] platform rtc_cmos: registered platform RTC device (no PNP device found)
[    2.454759] Scanning for low memory corruption every 60 seconds
[    2.460224] audit: initializing netlink subsys (disabled)
[    2.466593] audit: type=2000 audit(1516029118.218:1): initialized
[    2.471873] Initialise system trusted keyring
[    2.477971] HugeTLB registered 2 MB page size, pre-allocated 0 pages
[    2.490981] zbud: loaded
[    2.493832] VFS: Disk quotas dquot_6.6.0
[    2.496546] VFS: Dquot-cache hash table entries: 512 (order 0, 4096 bytes)
[    2.501609] squashfs: version 4.0 (2009/01/31) Phillip Lougher
[    2.506191] fuse init (API version 7.23)
[    2.509445] Key type big_key registered
[    2.524590] Allocating IMA MOK and blacklist keyrings.
[    2.531386] Key type asymmetric registered
[    2.541165] Asymmetric key parser 'x509' registered
[    2.550682] Block layer SCSI generic (bsg) driver version 0.4 loaded (major 249)
[    2.555082] io scheduler noop registered
[    2.564068] io scheduler deadline registered (default)
[    2.568992] io scheduler cfq registered
[    2.572245] pci_hotplug: PCI Hot Plug PCI Core version: 0.5
[    2.584218] pciehp: PCI Express Hot Plug Controller Driver version: 0.4
[    2.587745] ACPI: AC Adapter [AC] (on-line)
[    2.590555] input: Power Button as /devices/LNXSYSTM:00/LNXPWRBN:00/input/input0
[    2.598878] ACPI: Power Button [PWRF]
[    2.603158] input: Sleep Button as /devices/LNXSYSTM:00/LNXSLPBN:00/input/input1
[    2.607497] ACPI: Sleep Button [SLPF]
[    2.611428] ACPI: Battery Slot [BAT0] (battery present)
[    2.617266] GHES: HEST is not enabled!
[    2.621250] Serial: 8250/16550 driver, 32 ports, IRQ sharing enabled
[    2.648098] 00:02: ttyS0 at I/O 0x3f8 (irq = 4, base_baud = 115200) is a 16550A
[    2.659287] Linux agpgart interface v0.103
[    2.662872] loop: module loaded
[    2.665631] scsi host0: ata_piix
[    2.665757] scsi host1: ata_piix
[    2.665821] ata1: PATA max UDMA/33 cmd 0x1f0 ctl 0x3f6 bmdma 0xd000 irq 14
[    2.665823] ata2: PATA max UDMA/33 cmd 0x170 ctl 0x376 bmdma 0xd008 irq 15
[    2.665984] libphy: Fixed MDIO Bus: probed
[    2.665988] tun: Universal TUN/TAP device driver, 1.6
[    2.665989] tun: (C) 1999-2004 Max Krasnyansky <maxk@qualcomm.com>
[    2.666096] PPP generic driver version 2.4.2
[    2.666321] ehci_hcd: USB 2.0 'Enhanced' Host Controller (EHCI) Driver
[    2.666334] ehci-pci: EHCI PCI platform driver
[    2.666362] ehci-platform: EHCI generic platform driver
[    2.666375] ohci_hcd: USB 1.1 'Open' Host Controller (OHCI) Driver
[    2.666381] ohci-pci: OHCI PCI platform driver
[    2.666394] ohci-platform: OHCI generic platform driver
[    2.666458] uhci_hcd: USB Universal Host Controller Interface driver
[    2.666565] i8042: PNP: PS/2 Controller [PNP0303:PS2K,PNP0f03:PS2M] at 0x60,0x64 irq 1,12
[    2.667242] serio: i8042 KBD port at 0x60,0x64 irq 1
[    2.667250] serio: i8042 AUX port at 0x60,0x64 irq 12
[    2.667682] mousedev: PS/2 mouse device common for all mice
[    2.668449] input: AT Translated Set 2 keyboard as /devices/platform/i8042/serio0/input/input2
[    2.669041] rtc_cmos rtc_cmos: rtc core: registered rtc_cmos as rtc0
[    2.669185] rtc_cmos rtc_cmos: alarms up to one day, 114 bytes nvram
[    2.669196] i2c /dev entries driver
[    2.669278] device-mapper: uevent: version 1.0.3
[    2.669473] device-mapper: ioctl: 4.34.0-ioctl (2015-10-28) initialised: dm-devel@redhat.com
[    2.669497] ledtrig-cpu: registered to indicate activity on CPUs
[    2.669878] NET: Registered protocol family 10
[    2.670120] NET: Registered protocol family 17
[    2.670134] Key type dns_resolver registered
[    2.670373] microcode: CPU0 sig=0x20655, pf=0x4, revision=0x616
[    2.678759] microcode: CPU1 sig=0x20655, pf=0x4, revision=0x616
[    2.678910] microcode: Microcode Update Driver: v2.01 <tigran@aivazian.fsnet.co.uk>, Peter Oruba
[    2.679149] registered taskstats version 1
[    2.679170] Loading compiled-in X.509 certificates
[    2.680415] Loaded X.509 cert 'Build time autogenerated kernel key: 96e61bd247bb6c4e82ca419795a98fcb171b0e99'
[    2.680464] zswap: loaded using pool lzo/zbud
[    2.689949] Key type trusted registered
[    2.696621] Key type encrypted registered
[    2.696636] AppArmor: AppArmor sha1 policy hashing enabled
[    2.696641] ima: No TPM chip found, activating TPM-bypass!
[    2.696680] evm: HMAC attrs: 0x1
[    2.697322]   Magic number: 2:303:184
[    2.711163] rtc_cmos rtc_cmos: setting system clock to 2018-01-15 15:11:54 UTC (1516029114)
[    2.711433] BIOS EDD facility v0.16 2004-Jun-25, 0 devices found
[    2.711433] EDD information not available.
[    2.904109] Freeing unused kernel memory: 1508K
[    2.921756] Write protecting the kernel read-only data: 14336k
[    2.927546] Freeing unused kernel memory: 1744K
[    2.945443] Freeing unused kernel memory: 108K
Loading, please wait...
starting version[    2.969195] random: systemd-udevd: uninitialized urandom read (16 bytes read, 2 bits of entropy available)
 229
[    2.970583] random: udevadm: uninitialized urandom read (16 bytes read, 2 bits of entropy available)
[    2.970628] random: udevadm: uninitialized urandom read (16 bytes read, 2 bits of entropy available)
[    2.985700] random: systemd-udevd: uninitialized urandom read (16 bytes read, 2 bits of entropy available)
[    2.999346] random: udevadm: uninitialized urandom read (16 bytes read, 2 bits of entropy available)
[    2.999455] random: udevadm: uninitialized urandom read (16 bytes read, 2 bits of entropy available)
[    3.000239] random: udevadm: uninitialized urandom read (16 bytes read, 2 bits of entropy available)
[    3.000382] random: udevadm: uninitialized urandom read (16 bytes read, 2 bits of entropy available)
[    3.000567] random: udevadm: uninitialized urandom read (16 bytes read, 2 bits of entropy available)
[    3.000707] random: udevadm: uninitialized urandom read (16 bytes read, 2 bits of entropy available)
[    3.240591] Fusion MPT base driver 3.04.20
[    3.251071] Copyright (c) 1999-2008 LSI Corporation
[    3.261969] e1000: Intel(R) PRO/1000 Network Driver - version 7.3.21-k8-NAPI
[    3.271425] e1000: Copyright (c) 1999-2006 Intel Corporation.
[    3.290760] Fusion MPT SPI Host driver 3.04.20
[    3.446035] tsc: Refined TSC clocksource calibration: 2527.666 MHz
[    3.454813] clocksource: tsc: mask: 0xffffffffffffffff max_cycles: 0x246f50e90c7, max_idle_ns: 440795301617 ns
[    3.483963] input: ImExPS/2 Generic Explorer Mouse as /devices/platform/i8042/serio1/input/input4
[    3.724567] e1000 0000:00:03.0 eth0: (PCI:33MHz:32-bit) 02:eb:a5:7d:f3:dc
[    3.748959] e1000 0000:00:03.0 eth0: Intel(R) PRO/1000 Network Connection
[    4.191651] e1000 0000:00:08.0 eth1: (PCI:33MHz:32-bit) 08:00:27:78:1c:48
[    4.222897] e1000 0000:00:08.0 eth1: Intel(R) PRO/1000 Network Connection
[    4.235925] mptbase: ioc0: Initiating bringup
[    4.236764] e1000 0000:00:08.0 enp0s8: renamed from eth1
[    4.246303] e1000 0000:00:03.0 enp0s3: renamed from eth0
[    4.301899] ioc0: LSI53C1030 A0: Capabilities={Initiator}
[    4.475431] scsi host2: ioc0: LSI53C1030 A0, FwRev=00000000h, Ports=1, MaxQ=256, IRQ=20
[    4.599071] scsi 2:0:0:0: Direct-Access     VBOX     HARDDISK         1.0  PQ: 0 ANSI: 5
[    4.608811] scsi target2:0:0: Beginning Domain Validation
[    4.618881] scsi target2:0:0: Domain Validation skipping write tests
[    4.628106] scsi target2:0:0: Ending Domain Validation
[    4.642089] scsi target2:0:0: asynchronous
[    4.643828] scsi 2:0:1:0: Direct-Access     VBOX     HARDDISK         1.0  PQ: 0 ANSI: 5
[    4.654649] scsi target2:0:1: Beginning Domain Validation
[    4.658601] scsi target2:0:1: Domain Validation skipping write tests
[    4.676270] scsi target2:0:1: Ending Domain Validation
[    4.677665] scsi target2:0:1: asynchronous
[    4.687740] sd 2:0:0:0: [sda] 20971520 512-byte logical blocks: (10.7 GB/10.0 GiB)
[    4.691849] sd 2:0:0:0: [sda] Write Protect is off
[    4.712155] sd 2:0:0:0: Attached scsi generic sg0 type 0
[    4.736396] sd 2:0:0:0: [sda] Incomplete mode parameter data
[    4.737099] sd 2:0:1:0: [sdb] 20480 512-byte logical blocks: (10.5 MB/10.0 MiB)
[    4.737418] sd 2:0:1:0: [sdb] Write Protect is off
[    4.737568] sd 2:0:1:0: [sdb] Incomplete mode parameter data
[    4.737569] sd 2:0:1:0: [sdb] Assuming drive cache: write through
[    4.738405] sd 2:0:1:0: Attached scsi generic sg1 type 0
[    4.740802] sd 2:0:1:0: [sdb] Attached SCSI disk
[    4.763359] sd 2:0:0:0: [sda] Assuming drive cache: write through
[    4.767047]  sda: sda1
[    4.770431] sd 2:0:0:0: [sda] Attached SCSI disk
[    6.253771] floppy0: no floppy controllers found
Begin: Loading essential drivers[    7.765075] md: linear personality registered for level -1
 ... [    7.778585] md: multipath personality registered for level -4
[    7.793825] md: raid0 personality registered for level 0
[    7.804018] md: raid1 personality registered for level 1
[    7.885744] raid6: sse2x1   gen()  5885 MB/s
[    7.965874] raid6: sse2x1   xor()  3754 MB/s
[    8.041474] raid6: sse2x2   gen()  4699 MB/s
[    8.117281] raid6: sse2x2   xor()  4835 MB/s
[    8.197331] raid6: sse2x4   gen()  7405 MB/s
[    8.273575] raid6: sse2x4   xor()  5864 MB/s
[    8.276640] raid6: using algorithm sse2x4 gen() 7405 MB/s
[    8.278080] raid6: .... xor() 5864 MB/s, rmw enabled
[    8.281601] raid6: using ssse3x2 recovery algorithm
[    8.292682] xor: measuring software checksum speed
[    8.345827]    prefetch64-sse: 10749.000 MB/sec
[    8.397575]    generic_sse: 10489.000 MB/sec
[    8.412484] xor: using function: prefetch64-sse (10749.000 MB/sec)
[    8.425671] async_tx: api initialized (async)
[    8.442182] md: raid6 personality registered for level 6
[    8.453478] md: raid5 personality registered for level 5
[    8.456520] md: raid4 personality registered for level 4
[    8.466874] md: raid10 personality registered for level 10
done.
Begin: Running /scripts/init-premount ... done.
Begin: Mounting root file system ... Begin: Running /scripts/local-top ... done.
Begin: Running /scripts/local-premount ... [    8.536501] Btrfs loaded
Scanning for Btrfs filesystems
done.
Warning: fsck not present, so skipping root file system
[    8.593676] EXT4-fs (sda1): mounted filesystem with ordered data mode. Opts: (null)
done.
Begin: Running /scripts/local-bottom ... done.
Begin: Running /scripts/init-bottom ... done.
[    8.750655] systemd[1]: systemd 229 running in system mode. (+PAM +AUDIT +SELINUX +IMA +APPARMOR +SMACK +SYSVINIT +UTMP +LIBCRYPTSETUP +GCRYPT +GNUTLS +ACL +XZ -LZ4 +SECCOMP +BLKID +ELFUTILS +KMOD -IDN)
[    8.769580] systemd[1]: Detected virtualization oracle.
[    8.779904] systemd[1]: Detected architecture x86-64.

Welcome to [1mUbuntu 16.04.3 LTS[0m!

[    8.819275] systemd[1]: Set hostname to <ubuntu-xenial>.
[    9.045032] systemd[1]: Listening on udev Control Socket.
[[0;32m  OK  [0m] Listening on udev Control Socket.
[    9.060621] systemd[1]: Started Trigger resolvconf update for networkd DNS.
[[0;32m  OK  [0m] Started Trigger resolvconf update for networkd DNS.
[    9.078154] systemd[1]: Started Forward Password Requests to Wall Directory Watch.
[[0;32m  OK  [0m] Started Forward Password Requests to Wall Directory Watch.
[    9.129898] systemd[1]: Listening on LVM2 metadata daemon socket.
[[0;32m  OK  [0m] Listening on LVM2 metadata daemon socket.
[    9.150356] systemd[1]: Listening on Device-mapper event daemon FIFOs.
[[0;32m  OK  [0m] Listening on Device-mapper event daemon FIFOs.
[    9.178922] systemd[1]: Created slice User and Session Slice.
[[0;32m  OK  [0m] Created slice User and Session Slice.
[    9.198076] systemd[1]: Created slice System Slice.
[[0;32m  OK  [0m] Created slice System Slice.
[    9.209704] systemd[1]: Created slice system-serial\x2dgetty.slice.
[[0;32m  OK  [0m] Created slice system-serial\x2dgetty.slice.
[    9.243208] systemd[1]: Listening on Syslog Socket.
[[0;32m  OK  [0m] Listening on Syslog Socket.
[    9.255777] systemd[1]: Listening on udev Kernel Socket.
[[0;32m  OK  [0m] Listening on udev Kernel Socket.
[    9.268335] systemd[1]: Listening on Journal Socket (/dev/log).
[[0;32m  OK  [0m] Listening on Journal Socket (/dev/log).
[    9.286160] systemd[1]: Listening on Journal Audit Socket.
[[0;32m  OK  [0m] Listening on Journal Audit Socket.
[    9.301345] systemd[1]: Reached target Encrypted Volumes.
[[0;32m  OK  [0m] Reached target Encrypted Volumes.
[    9.310308] systemd[1]: Reached target Slices.
[[0;32m  OK  [0m] Reached target Slices.
[    9.325847] systemd[1]: Listening on /dev/initctl Compatibility Named Pipe.
[[0;32m  OK  [0m] Listening on /dev/initctl Compatibility Named Pipe.
[    9.341395] systemd[1]: Reached target Swap.
[[0;32m  OK  [0m] Reached target Swap.
[    9.369822] systemd[1]: Listening on Journal Socket.
[[0;32m  OK  [0m] Listening on Journal Socket.
[    9.394151] systemd[1]: Starting Nameserver information manager...
         Starting Nameserver information manager...
[    9.416108] systemd[1]: Mounting Huge Pages File System...
         Mounting Huge Pages File System...
[    9.435558] systemd[1]: Starting Journal Service...
         Starting Journal Service...
[    9.449841] systemd[1]: Starting Create list of required static device nodes for the current kernel...
         Starting Create list of required st... nodes for the current kernel...
[    9.479661] systemd[1]: Starting Load Kernel Modules...
[    9.500356] Loading iSCSI transport class v2.0-870.
         Starting Load Kernel Modules...
[    9.520246] iscsi: registered transport (tcp)
[    9.541873] systemd[1]: Starting Set console keymap...
         Starting Set console keymap...
[    9.588852] iscsi: registered transport (iser)
[    9.626138] systemd[1]: Mounting POSIX Message Queue File System...
         Mounting POSIX Message Queue File System...
[    9.655633] systemd[1]: Starting Uncomplicated firewall...
         Starting Uncomplicated firewall...
[    9.673795] systemd[1]: Starting Remount Root and Kernel File Systems...
[    9.682292] EXT4-fs (sda1): re-mounted. Opts: (null)
         Starting Remount Root and Kernel File Systems...
[    9.721456] systemd[1]: Reached target User and Group Name Lookups.
[[0;32m  OK  [0m] Reached target User and Group Name Lookups.
[    9.756233] systemd[1]: Listening on LVM2 poll daemon socket.
[[0;32m  OK  [0m] Listening on LVM2 poll daemon socket.
[    9.774101] systemd[1]: Mounting Debug File System...
         Mounting Debug File System...
[    9.794019] systemd[1]: Set up automount Arbitrary Executable File Formats File System Automount Point.
[[0;32m  OK  [0m] Set up automount Arbitrary Executab...ats File System Automount Point.
[    9.837696] systemd[1]: Starting Monitoring of LVM2 mirrors, snapshots etc. using dmeventd or progress polling...
         Starting Monitoring of LVM2 mirrors... dmeventd or progress polling...
[    9.891718] systemd[1]: Mounted POSIX Message Queue File System.
[[0;32m  OK  [0m] Mounted POSIX Message Queue File System.
[    9.914222] systemd[1]: Mounted Debug File System.
[[0;32m  OK  [0m] Mounted Debug File System.
[    9.924469] systemd[1]: Mounted Huge Pages File System.
[[0;32m  OK  [0m] Mounted Huge Pages File System.
[    9.938586] systemd[1]: Started Journal Service.
[[0;32m  OK  [0m] Started Journal Service.
[[0;32m  OK  [0m] Started Create list of required sta...ce nodes for the current kernel.
[[0;32m  OK  [0m] Started Load Kernel Modules.
[[0;32m  OK  [0m] Started Set console keymap.
[[0;32m  OK  [0m] Started Uncomplicated firewall.
[[0;32m  OK  [0m] Started Remount Root and Kernel File Systems.
[[0;32m  OK  [0m] Started Nameserver information manager.
[   10.031265] random: nonblocking pool is initialized
[[0;32m  OK  [0m] Started LVM2 metadata daemon.
         Starting Initial cloud-init job (pre-networking)...
         Starting udev Coldplug all Devices...
         Starting Load/Save Random Seed...
         Mounting FUSE Control File System...
         Starting Apply Kernel Variables...
         Starting Create Static Device Nodes in /dev...
         Starting Flush Journal to Persistent Storage...
[[0;32m  OK  [0m] Mounted FUSE Control File System.
[[0;32m  OK  [0m] Started Load/Save Random Seed.
[[0;32m  OK  [0m] Started Apply Kernel Variables.
[[0;32m  OK  [0m] Started Create Static Device Nodes in /dev.
[[0;32m  OK  [0m] Started Monitoring of LVM2 mirrors,...ng dmeventd or progress polling.
[[0;32m  OK  [0m] Started udev Coldplug all Devices.
[[0;32m  OK  [0m] Started Flush Journal to Persistent Storage.
         Starting udev Kernel Device Manager...
[[0;32m  OK  [0m] Started udev Kernel Device Manager.
[[0;32m  OK  [0m] Started Dispatch Password Requests to Console Directory Watch.
[[0;32m  OK  [0m] Reached target Local File Systems (Pre).
[[0;32m  OK  [0m] Reached target Local File Systems.
         Starting Tell Plymouth To Write Out Runtime Data...
         Starting Set console font and keymap...
         Starting Create Volatile Files and Directories...
         Starting LSB: AppArmor initialization...
[[0;32m  OK  [0m] Started Tell Plymouth To Write Out Runtime Data.
[[0;32m  OK  [0m] Started Create Volatile Files and Directories.
[[0;32m  OK  [0m] Reached target System Time Synchronized.
         Starting Update UTMP about System Boot/Shutdown...
[[0;32m  OK  [0m] Started Update UTMP about System Boot/Shutdown.
[[0;32m  OK  [0m] Found device /dev/ttyS0.
[[0;32m  OK  [0m] Started LSB: AppArmor initialization.
[[0;32m  OK  [0m] Started Set console font and keymap.
[[0;32m  OK  [0m] Created slice system-getty.slice.
[[0;32m  OK  [0m] Listening on Load/Save RF Kill Switch Status /dev/rfkill Watch.
[[0;32m  OK  [0m] Found device 82540EM Gigabit Ethern...r (PRO/1000 MT Desktop Adapter).
[[0;32m  OK  [0m] Found device 82540EM Gigabit Ethern...r (PRO/1000 MT Desktop Adapter).
[   11.188626] cloud-init[429]: Cloud-init v. 17.1 running 'init-local' at Mon, 15 Jan 2018 15:12:03 +0000. Up 10.54 seconds.
[[0;32m  OK  [0m] Started Initial cloud-init job (pre-networking).
[[0;32m  OK  [0m] Reached target Network (Pre).
[[0;32m  OK  [0m] Started ifup for enp0s3.
         Starting Raise network interfaces...
[[0;32m  OK  [0m] Started ifup for enp0s8.
[[0;32m  OK  [0m] Started Raise network interfaces.
         Starting Initial cloud-init job (metadata service crawler)...
[[0;32m  OK  [0m] Reached target Network.
[   14.336604] cloud-init[1042]: Cloud-init v. 17.1 running 'init' at Mon, 15 Jan 2018 15:12:06 +0000. Up 13.56 seconds.
[   14.362476] cloud-init[1042]: ci-info: ++++++++++++++++++++++++++++++++++++++Net device info++++++++++++++++++++++++++++++++++++++
[   14.393255] cloud-init[1042]: ci-info: +--------+------+-----------------------------+---------------+-------+-------------------+
[   14.412648] cloud-init[1042]: ci-info: | Device |  Up  |           Address           |      Mask     | Scope |     Hw-Address    |
[   14.449596] cloud-init[1042]: ci-info: +--------+------+-----------------------------+---------------+-------+-------------------+
[   14.497534] cloud-init[1042]: ci-info: | enp0s3 | True |          10.0.2.15          | 255.255.255.0 |   .   | 02:eb:a5:7d:f3:dc |
[[0;32m  OK  [0m] Started Initial cloud-init job (metadata service crawler).
[   14.498169] cloud-init[1042]: ci-info: | enp0s3 | True |  fe80::eb:a5ff:fe7d:f3dc/64 |       .       |  link | 02:eb:a5:7d:f3:dc |
[   14.556580] cloud-init[1042]: ci-info: | enp0s8 | True |        192.168.33.10        | 255.255.255.0 |   .   | 08:00:27:78:1c:48 |
[   14.557131] cloud-init[1042]: ci-info: | enp0s8 | True | fe80::a00:27ff:fe78:1c48/64 |       .       |  link | 08:00:27:78:1c:48 |
[   14.557296] cloud-init[1042]: ci-info: |   lo   | True |          127.0.0.1          |   255.0.0.0   |   .   |         .         |
[   14.557457] cloud-init[1042]: ci-info: |   lo   | True |           ::1/128           |       .       |  host |         .         |
[   14.557609] cloud-init[1042]: ci-info: +--------+------+-----------------------------+---------------+-------+-------------------+
[   14.557754] cloud-init[1042]: ci-info: ++++++++++++++++++++++++++++Route IPv4 info++++++++++++++++++++++++++++
[[0;32m  OK  [0m] Reached target Cloud-config availability.
[   14.558165] cloud-init[1042]: ci-info: +-------+--------------+----------+---------------+-----------+-------+
[   14.669057] cloud-init[1042]: ci-info: | Route | Destination  | Gateway  |    Genmask    | Interface | Flags |
[[0;32m  OK  [0m] Reached target System Initialization.
[   14.669268] cloud-init[1042]: ci-info: +-------+--------------+----------+---------------+-----------+-------+
[   14.690092] cloud-init[1042]: ci-info: |   0   |   0.0.0.0    | 10.0.2.2 |    0.0.0.0    |   enp0s3  |   UG  |
[   14.690304] cloud-init[1042]: ci-info: |   1   |   10.0.2.0   | 0.0.0.0  | 255.255.255.0 |   enp0s3  |   U   |
[[0;32m  OK  [0m] Listening on ACPID Listen Socket.
[   14.690592] cloud-init[1042]: ci-info: |   2   | 192.168.33.0 | 0.0.0.0  | 255.255.255.0 |   enp0s8  |   U   |
[   14.754506] cloud-init[1042]: ci-info: +-------+--------------+----------+---------------+-----------+-------+
[[0;32m  OK  [0m] Listening on D-Bus System Message Bus Socket.
[[0;32m  OK  [0m] Listening on UUID daemon activation socket.
[[0;32m  OK  [0m] Started ACPI Events Check.
[[0;32m  OK  [0m] Reached target Paths.
[[0;32m  OK  [0m] Started Timer to automatically refresh installed snaps.
         Starting LXD - unix socket.
         Starting Socket activation for snappy daemon.
[[0;32m  OK  [0m] Started Daily Cleanup of Temporary Directories.
[[0;32m  OK  [0m] Reached target Network is Online.
         Starting iSCSI initiator daemon (iscsid)...
[[0;32m  OK  [0m] Started Daily apt download activities.
[[0;32m  OK  [0m] Started Daily apt upgrade and clean activities.
[[0;32m  OK  [0m] Reached target Timers.
[[0;32m  OK  [0m] Listening on LXD - unix socket.
[[0;32m  OK  [0m] Listening on Socket activation for snappy daemon.
[[0;32m  OK  [0m] Started iSCSI initiator daemon (iscsid).
         Starting Login to default iSCSI targets...
[[0;32m  OK  [0m] Reached target Sockets.
[[0;32m  OK  [0m] Reached target Basic System.
         Starting LSB: Record successful boot for GRUB...
         Starting Accounts Service...
[[0;32m  OK  [0m] Started Unattended Upgrades Shutdown.
[[0;32m  OK  [0m] Started ACPI event daemon.
         Starting /etc/rc.local Compatibility...
         Starting Snappy daemon...
[[0;32m  OK  [0m] Started Deferred execution scheduler.
[[0;32m  OK  [0m] Started Regular background program processing daemon.
         Starting OpenBSD Secure Shell server...
[[0;32m  OK  [0m] Started FUSE filesystem for LXC.
         Starting System Logging Service...
         Starting Login Service...
         Starting Apply the settings specified in cloud-config...
         Starting LSB: MD monitoring daemon...
[[0;32m  OK  [0m] Started D-Bus System Message Bus.
         Starting LXD - container startup/shutdown...
[[0;32m  OK  [0m] Started OpenBSD Secure Shell server.
[[0;32m  OK  [0m] Started System Logging Service.
[[0;32m  OK  [0m] Started Snappy daemon.
[[0;32m  OK  [0m] Started /etc/rc.local Compatibility.
[[0;32m  OK  [0m] Started Login to default iSCSI targets.
[[0;32m  OK  [0m] Started LSB: Record successful boot for GRUB.
[[0;32m  OK  [0m] Started LXD - container startup/shutdown.
[[0;32m  OK  [0m] Started LSB: MD monitoring daemon.
[[0;32m  OK  [0m] Started Login Service.
         Starting Authenticate and Authorize Users to Run Privileged Tasks...
[[0;32m  OK  [0m] Reached target Remote File Systems (Pre).
[[0;32m  OK  [0m] Reached target Remote File Systems.
         Starting Permit User Sessions...
         Starting LSB: Set the CPU Frequency Scaling governor to "ondemand"...
         Starting LSB: daemon to balance interrupts for SMP systems...
         Starting LSB: VirtualBox Linux Additions...
         Starting LSB: automatic crash report generation...
[[0;32m  OK  [0m] Started Permit User Sessions.
[[0;32m  OK  [0m] Started Authenticate and Authorize Users to Run Privileged Tasks.
[[0;32m  OK  [0m] Started Accounts Service.
[[0;32m  OK  [0m] Started LSB: Set the CPU Frequency Scaling governor to "ondemand".
[[0;32m  OK  [0m] Started LSB: daemon to balance interrupts for SMP systems.
         Starting Hold until boot process finishes up...
         Starting Terminate Plymouth Boot Screen...
[[0;32m  OK  [0m] Started Hold until boot process finishes up.
[[0;32m  OK  [0m] Started LSB: automatic crash report generation.
[[0;32m  OK  [0m] Started Terminate Plymouth Boot Screen.
         Starting Set console scheme...
[[0;32m  OK  [0m] Started Serial Getty on ttyS0.
[   16.682153] cloud-init[1139]: Cloud-init v. 17.1 running 'modules:config' at Mon, 15 Jan 2018 15:12:09 +0000. Up 16.28 seconds.
[[0;32m  OK  [0m] Started Getty on tty1.
[[0;32m  OK  [0m] Reached target Login Prompts.
[[0;32m  OK  [0m] Started LSB: VirtualBox Linux Additions.
[[0;32m  OK  [0m] Started Set console scheme.
[[0;32m  OK  [0m] Reached target Multi-User System.
[[0;32m  OK  [0m] Reached target Graphical Interface.
         Starting Update UTMP about System Runlevel Changes...
[[0;32m  OK  [0m] Started Apply the settings specified in cloud-config.
[[0;32m  OK  [0m] Started Update UTMP about System Runlevel Changes.
         Starting Execute cloud user/final scripts...
[   17.625323] cloud-init[1277]: Cloud-init v. 17.1 running 'modules:final' at Mon, 15 Jan 2018 15:12:10 +0000. Up 17.38 seconds.
[   17.645842] cloud-init[1277]: Cloud-init v. 17.1 finished at Mon, 15 Jan 2018 15:12:10 +0000. Datasource DataSourceNoCloud [seed=/dev/sdb][dsmode=net].  Up 17.61 seconds
[[0;32m  OK  [0m] Started Execute cloud user/final scripts.
[[0;32m  OK  [0m] Reached target Cloud-init target.

Ubuntu 16.04.3 LTS ubuntu-xenial ttyS0

ubuntu-xenial login: 