2018-01-16 16:51:31 [scrapy.utils.log] INFO: Scrapy 1.5.0 started (bot: community)
2018-01-16 16:51:31 [scrapy.utils.log] INFO: Versions: lxml 4.1.1.0, libxml2 2.9.7, cssselect 1.0.3, parsel 1.3.1, w3lib 1.18.0, Twisted 17.9.0, Python 2.7.12 (default, Nov 20 2017, 18:23:56) - [GCC 5.4.0 20160609], pyOpenSSL 17.5.0 (OpenSSL 1.1.0g  2 Nov 2017), cryptography 2.1.4, Platform Linux-4.4.0-98-generic-x86_64-with-Ubuntu-16.04-xenial
2018-01-16 16:51:31 [scrapy.crawler] INFO: Overridden settings: {'NEWSPIDER_MODULE': 'community.spiders', 'ROBOTSTXT_OBEY': True, 'LOG_LEVEL': 20, 'SPIDER_MODULES': ['community.spiders'], 'BOT_NAME': 'community', 'LOG_FILE': 'logfile.log'}
2018-01-16 16:51:31 [scrapy.middleware] INFO: Enabled extensions:
['scrapy.extensions.memusage.MemoryUsage',
 'scrapy.extensions.logstats.LogStats',
 'scrapy.extensions.telnet.TelnetConsole',
 'scrapy.extensions.corestats.CoreStats']
2018-01-16 16:51:31 [scrapy.middleware] INFO: Enabled downloader middlewares:
['scrapy.downloadermiddlewares.robotstxt.RobotsTxtMiddleware',
 'scrapy.downloadermiddlewares.httpauth.HttpAuthMiddleware',
 'scrapy.downloadermiddlewares.downloadtimeout.DownloadTimeoutMiddleware',
 'scrapy.downloadermiddlewares.defaultheaders.DefaultHeadersMiddleware',
 'scrapy.downloadermiddlewares.useragent.UserAgentMiddleware',
 'scrapy.downloadermiddlewares.retry.RetryMiddleware',
 'scrapy.downloadermiddlewares.redirect.MetaRefreshMiddleware',
 'scrapy.downloadermiddlewares.httpcompression.HttpCompressionMiddleware',
 'scrapy.downloadermiddlewares.redirect.RedirectMiddleware',
 'scrapy.downloadermiddlewares.cookies.CookiesMiddleware',
 'scrapy.downloadermiddlewares.httpproxy.HttpProxyMiddleware',
 'scrapy.downloadermiddlewares.stats.DownloaderStats']
2018-01-16 16:51:31 [scrapy.middleware] INFO: Enabled spider middlewares:
['scrapy.spidermiddlewares.httperror.HttpErrorMiddleware',
 'scrapy.spidermiddlewares.offsite.OffsiteMiddleware',
 'scrapy.spidermiddlewares.referer.RefererMiddleware',
 'scrapy.spidermiddlewares.urllength.UrlLengthMiddleware',
 'scrapy.spidermiddlewares.depth.DepthMiddleware']
2018-01-16 16:51:31 [scrapy.middleware] INFO: Enabled item pipelines:
['community.pipelines.CommunityPipeline']
2018-01-16 16:51:31 [scrapy.core.engine] INFO: Spider opened
2018-01-16 16:51:31 [scrapy.extensions.logstats] INFO: Crawled 0 pages (at 0 pages/min), scraped 0 items (at 0 items/min)
2018-01-16 16:51:32 [scrapy.core.engine] INFO: Closing spider (finished)
2018-01-16 16:51:32 [scrapy.statscollectors] INFO: Dumping Scrapy stats:
{'downloader/request_bytes': 935,
 'downloader/request_count': 4,
 'downloader/request_method_count/GET': 4,
 'downloader/response_bytes': 32264,
 'downloader/response_count': 4,
 'downloader/response_status_count/200': 4,
 'finish_reason': 'finished',
 'finish_time': datetime.datetime(2018, 1, 16, 16, 51, 32, 618908),
 'item_scraped_count': 60,
 'log_count/INFO': 7,
 'memusage/max': 51695616,
 'memusage/startup': 51695616,
 'response_received_count': 4,
 'scheduler/dequeued': 2,
 'scheduler/dequeued/memory': 2,
 'scheduler/enqueued': 2,
 'scheduler/enqueued/memory': 2,
 'start_time': datetime.datetime(2018, 1, 16, 16, 51, 31, 888650)}
2018-01-16 16:51:32 [scrapy.core.engine] INFO: Spider closed (finished)
