[    0.000000] Initializing cgroup subsys cpuset
[    0.000000] Initializing cgroup subsys cpu
[    0.000000] Initializing cgroup subsys cpuacct
[    0.000000] Linux version 4.4.0-98-generic (buildd@lcy01-03) (gcc version 5.4.0 20160609 (Ubuntu 5.4.0-6ubuntu1~16.04.4) ) #121-Ubuntu SMP Tue Oct 10 14:24:03 UTC 2017 (Ubuntu 4.4.0-98.121-generic 4.4.90)
[    0.000000] Command line: BOOT_IMAGE=/boot/vmlinuz-4.4.0-98-generic root=LABEL=cloudimg-rootfs ro console=tty1 console=ttyS0
[    0.000000] KERNEL supported cpus:
[    0.000000]   Intel GenuineIntel
[    0.000000]   AMD AuthenticAMD
[    0.000000]   Centaur CentaurHauls
[    0.000000] x86/fpu: Legacy x87 FPU detected.
[    0.000000] x86/fpu: Using 'lazy' FPU context switches.
[    0.000000] e820: BIOS-provided physical RAM map:
[    0.000000] BIOS-e820: [mem 0x0000000000000000-0x000000000009fbff] usable
[    0.000000] BIOS-e820: [mem 0x000000000009fc00-0x000000000009ffff] reserved
[    0.000000] BIOS-e820: [mem 0x00000000000f0000-0x00000000000fffff] reserved
[    0.000000] BIOS-e820: [mem 0x0000000000100000-0x000000003ffeffff] usable
[    0.000000] BIOS-e820: [mem 0x000000003fff0000-0x000000003fffffff] ACPI data
[    0.000000] BIOS-e820: [mem 0x00000000fec00000-0x00000000fec00fff] reserved
[    0.000000] BIOS-e820: [mem 0x00000000fee00000-0x00000000fee00fff] reserved
[    0.000000] BIOS-e820: [mem 0x00000000fffc0000-0x00000000ffffffff] reserved
[    0.000000] NX (Execute Disable) protection: active
[    0.000000] SMBIOS 2.5 present.
[    0.000000] Hypervisor detected: KVM
[    0.000000] e820: last_pfn = 0x3fff0 max_arch_pfn = 0x400000000
[    0.000000] MTRR: Disabled
[    0.000000] x86/PAT: MTRRs disabled, skipping PAT initialization too.
[    0.000000] CPU MTRRs all blank - virtualized system.
[    0.000000] x86/PAT: Configuration [0-7]: WB  WT  UC- UC  WB  WT  UC- UC  
[    0.000000] found SMP MP-table at [mem 0x0009fff0-0x0009ffff] mapped at [ffff88000009fff0]
[    0.000000] Scanning 1 areas for low memory corruption
[    0.000000] RAMDISK: [mem 0x36ae6000-0x3756afff]
[    0.000000] ACPI: Early table checksum verification disabled
[    0.000000] ACPI: RSDP 0x00000000000E0000 000024 (v02 VBOX  )
[    0.000000] ACPI: XSDT 0x000000003FFF0030 00003C (v01 VBOX   VBOXXSDT 00000001 ASL  00000061)
[    0.000000] ACPI: FACP 0x000000003FFF00F0 0000F4 (v04 VBOX   VBOXFACP 00000001 ASL  00000061)
[    0.000000] ACPI: DSDT 0x000000003FFF0470 0021FF (v02 VBOX   VBOXBIOS 00000002 INTL 20100528)
[    0.000000] ACPI: FACS 0x000000003FFF0200 000040
[    0.000000] ACPI: FACS 0x000000003FFF0200 000040
[    0.000000] ACPI: APIC 0x000000003FFF0240 00005C (v02 VBOX   VBOXAPIC 00000001 ASL  00000061)
[    0.000000] ACPI: SSDT 0x000000003FFF02A0 0001CC (v01 VBOX   VBOXCPUT 00000002 INTL 20100528)
[    0.000000] No NUMA configuration found
[    0.000000] Faking a node at [mem 0x0000000000000000-0x000000003ffeffff]
[    0.000000] NODE_DATA(0) allocated [mem 0x3ffeb000-0x3ffeffff]
[    0.000000] kvm-clock: Using msrs 4b564d01 and 4b564d00
[    0.000000] kvm-clock: cpu 0, msr 0:3ffe3001, primary cpu clock
[    0.000000] kvm-clock: using sched offset of 3444802443 cycles
[    0.000000] clocksource: kvm-clock: mask: 0xffffffffffffffff max_cycles: 0x1cd42e4dffb, max_idle_ns: 881590591483 ns
[    0.000000] Zone ranges:
[    0.000000]   DMA      [mem 0x0000000000001000-0x0000000000ffffff]
[    0.000000]   DMA32    [mem 0x0000000001000000-0x000000003ffeffff]
[    0.000000]   Normal   empty
[    0.000000]   Device   empty
[    0.000000] Movable zone start for each node
[    0.000000] Early memory node ranges
[    0.000000]   node   0: [mem 0x0000000000001000-0x000000000009efff]
[    0.000000]   node   0: [mem 0x0000000000100000-0x000000003ffeffff]
[    0.000000] Initmem setup node 0 [mem 0x0000000000001000-0x000000003ffeffff]
[    0.000000] ACPI: PM-Timer IO Port: 0x4008
[    0.000000] IOAPIC[0]: apic_id 2, version 32, address 0xfec00000, GSI 0-23
[    0.000000] ACPI: INT_SRC_OVR (bus 0 bus_irq 0 global_irq 2 dfl dfl)
[    0.000000] ACPI: INT_SRC_OVR (bus 0 bus_irq 9 global_irq 9 high level)
[    0.000000] Using ACPI (MADT) for SMP configuration information
[    0.000000] smpboot: Allowing 2 CPUs, 0 hotplug CPUs
[    0.000000] PM: Registered nosave memory: [mem 0x00000000-0x00000fff]
[    0.000000] PM: Registered nosave memory: [mem 0x0009f000-0x0009ffff]
[    0.000000] PM: Registered nosave memory: [mem 0x000a0000-0x000effff]
[    0.000000] PM: Registered nosave memory: [mem 0x000f0000-0x000fffff]
[    0.000000] e820: [mem 0x40000000-0xfebfffff] available for PCI devices
[    0.000000] Booting paravirtualized kernel on KVM
[    0.000000] clocksource: refined-jiffies: mask: 0xffffffff max_cycles: 0xffffffff, max_idle_ns: 7645519600211568 ns
[    0.000000] setup_percpu: NR_CPUS:512 nr_cpumask_bits:512 nr_cpu_ids:2 nr_node_ids:1
[    0.000000] PERCPU: Embedded 34 pages/cpu @ffff88003fc00000 s98328 r8192 d32744 u1048576
[    0.000000] PV qspinlock hash table entries: 256 (order: 0, 4096 bytes)
[    0.000000] Built 1 zonelists in Node order, mobility grouping on.  Total pages: 257913
[    0.000000] Policy zone: DMA32
[    0.000000] Kernel command line: BOOT_IMAGE=/boot/vmlinuz-4.4.0-98-generic root=LABEL=cloudimg-rootfs ro console=tty1 console=ttyS0
[    0.000000] PID hash table entries: 4096 (order: 3, 32768 bytes)
[    0.000000] Memory: 1001792K/1048120K available (8484K kernel code, 1294K rwdata, 3988K rodata, 1492K init, 1316K bss, 46328K reserved, 0K cma-reserved)
[    0.000000] SLUB: HWalign=64, Order=0-3, MinObjects=0, CPUs=2, Nodes=1
[    0.000000] Hierarchical RCU implementation.
[    0.000000] 	Build-time adjustment of leaf fanout to 64.
[    0.000000] 	RCU restricting CPUs from NR_CPUS=512 to nr_cpu_ids=2.
[    0.000000] RCU: Adjusting geometry for rcu_fanout_leaf=64, nr_cpu_ids=2
[    0.000000] NR_IRQS:33024 nr_irqs:440 16
[    0.000000] Console: colour VGA+ 80x25
[    0.000000] console [tty1] enabled
[    0.000000] console [ttyS0] enabled
[    0.000000] tsc: Detected 2527.002 MHz processor
[    0.870738] Calibrating delay loop (skipped) preset value.. 5054.00 BogoMIPS (lpj=10108008)
[    0.874794] pid_max: default: 32768 minimum: 301
[    0.887441] ACPI: Core revision 20150930
[    0.891790] ACPI: 2 ACPI AML tables successfully acquired and loaded
[    0.901438] Security Framework initialized
[    0.906193] Yama: becoming mindful.
[    0.907730] AppArmor: AppArmor initialized
[    0.911391] Dentry cache hash table entries: 131072 (order: 8, 1048576 bytes)
[    0.914437] Inode-cache hash table entries: 65536 (order: 7, 524288 bytes)
[    0.918478] Mount-cache hash table entries: 2048 (order: 2, 16384 bytes)
[    0.927001] Mountpoint-cache hash table entries: 2048 (order: 2, 16384 bytes)
[    0.928993] Initializing cgroup subsys io
[    0.931294] Initializing cgroup subsys memory
[    0.951062] Initializing cgroup subsys devices
[    0.954168] Initializing cgroup subsys freezer
[    0.965092] Initializing cgroup subsys net_cls
[    0.966703] Initializing cgroup subsys perf_event
[    0.975387] Initializing cgroup subsys net_prio
[    0.976622] Initializing cgroup subsys hugetlb
[    0.977810] Initializing cgroup subsys pids
[    0.987454] CPU: Physical Processor ID: 0
[    0.989892] CPU: Processor Core ID: 0
[    0.990961] mce: CPU supports 0 MCE banks
[    0.999598] Last level iTLB entries: 4KB 512, 2MB 7, 4MB 7
[    1.011240] Last level dTLB entries: 4KB 512, 2MB 32, 4MB 32, 1GB 0
[    1.018949] Freeing SMP alternatives memory: 32K
[    1.038610] ftrace: allocating 32154 entries in 126 pages
[    1.108060] smpboot: APIC(0) Converting physical 0 to logical package 0
[    1.132132] smpboot: Max logical packages: 1
[    1.154835] x2apic enabled
[    1.158208] Switched APIC routing to physical x2apic.
[    1.183477] ..TIMER: vector=0x30 apic1=0 pin1=2 apic2=-1 pin2=-1
[    1.298609] smpboot: CPU0: Intel(R) Core(TM) i3 CPU       M 380  @ 2.53GHz (family: 0x6, model: 0x25, stepping: 0x5)
[    1.315367] Performance Events: unsupported p6 CPU model 37 no PMU driver, software events only.
[    1.350156] KVM setup paravirtual spinlock
[    1.353097] x86: Booting SMP configuration:
[    1.370526] .... node  #0, CPUs:      #1
[    1.382044] kvm-clock: cpu 1, msr 0:3ffe3041, secondary cpu clock
[    1.396687] mce: CPU supports 0 MCE banks
[    1.399743] x86: Booted up 1 node, 2 CPUs
[    1.402374] smpboot: Total of 2 processors activated (10108.00 BogoMIPS)
[    1.408093] devtmpfs: initialized
[    1.416515] evm: security.selinux
[    1.421529] evm: security.SMACK64
[    1.422489] evm: security.SMACK64EXEC
[    1.423522] evm: security.SMACK64TRANSMUTE
[    1.431141] evm: security.SMACK64MMAP
[    1.432199] evm: security.ima
[    1.439892] evm: security.capability
[    1.454016] clocksource: jiffies: mask: 0xffffffff max_cycles: 0xffffffff, max_idle_ns: 7645041785100000 ns
[    1.471011] futex hash table entries: 512 (order: 3, 32768 bytes)
[    1.511224] pinctrl core: initialized pinctrl subsystem
[    1.519999] RTC time: 13:37:48, date: 01/16/18
[    1.522889] NET: Registered protocol family 16
[    1.566108] cpuidle: using governor ladder
[    1.581753] cpuidle: using governor menu
[    1.613216] PCCT header not found.
[    1.618680] ACPI: bus type PCI registered
[    1.626521] acpiphp: ACPI Hot Plug PCI Controller Driver version: 0.5
[    1.644240] PCI: Using configuration type 1 for base access
[    1.669662] ACPI: Added _OSI(Module Device)
[    1.677953] ACPI: Added _OSI(Processor Device)
[    1.680610] ACPI: Added _OSI(3.0 _SCP Extensions)
[    1.687412] ACPI: Added _OSI(Processor Aggregator Device)
[    1.696772] ACPI: Executed 1 blocks of module-level executable AML code
[    1.714372] ACPI: Interpreter enabled
[    1.732827] ACPI: (supports S0 S5)
[    1.737972] ACPI: Using IOAPIC for interrupt routing
[    1.749103] PCI: Using host bridge windows from ACPI; if necessary, use "pci=nocrs" and report a bug
[    1.788893] ACPI: PCI Root Bridge [PCI0] (domain 0000 [bus 00-ff])
[    1.804365] acpi PNP0A03:00: _OSC: OS supports [ASPM ClockPM Segments MSI]
[    1.829593] acpi PNP0A03:00: _OSC: not requesting OS control; OS requires [ExtendedConfig ASPM ClockPM MSI]
[    1.833290] acpi PNP0A03:00: fail to add MMCONFIG information, can't access extended PCI configuration space under this bridge.
[    1.862940] PCI host bridge to bus 0000:00
[    1.866827] pci_bus 0000:00: root bus resource [io  0x0000-0x0cf7 window]
[    1.899263] pci_bus 0000:00: root bus resource [io  0x0d00-0xffff window]
[    1.903506] pci_bus 0000:00: root bus resource [mem 0x000a0000-0x000bffff window]
[    1.916331] pci_bus 0000:00: root bus resource [mem 0x40000000-0xffdfffff window]
[    1.919755] pci_bus 0000:00: root bus resource [bus 00-ff]
[    1.925182] pci 0000:00:01.1: legacy IDE quirk: reg 0x10: [io  0x01f0-0x01f7]
[    1.937068] pci 0000:00:01.1: legacy IDE quirk: reg 0x14: [io  0x03f6]
[    1.938691] pci 0000:00:01.1: legacy IDE quirk: reg 0x18: [io  0x0170-0x0177]
[    1.940426] pci 0000:00:01.1: legacy IDE quirk: reg 0x1c: [io  0x0376]
[    1.998820] pci 0000:00:07.0: quirk: [io  0x4000-0x403f] claimed by PIIX4 ACPI
[    2.002037] pci 0000:00:07.0: quirk: [io  0x4100-0x410f] claimed by PIIX4 SMB
[    2.027065] ACPI: PCI Interrupt Link [LNKA] (IRQs 5 9 10 *11)
[    2.045043] ACPI: PCI Interrupt Link [LNKB] (IRQs 5 9 10 *11)
[    2.082648] ACPI: PCI Interrupt Link [LNKC] (IRQs 5 9 *10 11)
[    2.098210] ACPI: PCI Interrupt Link [LNKD] (IRQs 5 *9 10 11)
[    2.109370] ACPI: Enabled 2 GPEs in block 00 to 07
[    2.115218] vgaarb: setting as boot device: PCI:0000:00:02.0
[    2.124543] vgaarb: device added: PCI:0000:00:02.0,decodes=io+mem,owns=io+mem,locks=none
[    2.158093] vgaarb: loaded
[    2.161030] vgaarb: bridge control possible 0000:00:02.0
[    2.190696] SCSI subsystem initialized
[    2.193740] ACPI: bus type USB registered
[    2.200503] usbcore: registered new interface driver usbfs
[    2.206797] usbcore: registered new interface driver hub
[    2.228842] usbcore: registered new device driver usb
[    2.264751] PCI: Using ACPI for IRQ routing
[    2.272236] NetLabel: Initializing
[    2.296944] NetLabel:  domain hash size = 128
[    2.311601] NetLabel:  protocols = UNLABELED CIPSOv4
[    2.312924] NetLabel:  unlabeled traffic allowed by default
[    2.325132] amd_nb: Cannot enumerate AMD northbridges
[    2.328396] clocksource: Switched to clocksource kvm-clock
[    2.343259] AppArmor: AppArmor Filesystem Enabled
[    2.387837] pnp: PnP ACPI init
[    2.395640] pnp: PnP ACPI: found 3 devices
[    2.419983] clocksource: acpi_pm: mask: 0xffffff max_cycles: 0xffffff, max_idle_ns: 2085701024 ns
[    2.453593] NET: Registered protocol family 2
[    2.455552] TCP established hash table entries: 8192 (order: 4, 65536 bytes)
[    2.461897] TCP bind hash table entries: 8192 (order: 5, 131072 bytes)
[    2.467749] TCP: Hash tables configured (established 8192 bind 8192)
[    2.493151] UDP hash table entries: 512 (order: 2, 16384 bytes)
[    2.497932] UDP-Lite hash table entries: 512 (order: 2, 16384 bytes)
[    2.506362] NET: Registered protocol family 1
[    2.514265] pci 0000:00:00.0: Limiting direct PCI/PCI transfers
[    2.526798] pci 0000:00:01.0: Activating ISA DMA hang workarounds
[    2.549276] Unpacking initramfs...
[    5.300772] Freeing initrd memory: 10772K
[    5.319592] platform rtc_cmos: registered platform RTC device (no PNP device found)
[    5.325862] Scanning for low memory corruption every 60 seconds
[    5.331969] audit: initializing netlink subsys (disabled)
[    5.335659] audit: type=2000 audit(1516109875.611:1): initialized
[    5.345851] Initialise system trusted keyring
[    5.363593] HugeTLB registered 2 MB page size, pre-allocated 0 pages
[    5.378179] zbud: loaded
[    5.390332] VFS: Disk quotas dquot_6.6.0
[    5.411290] VFS: Dquot-cache hash table entries: 512 (order 0, 4096 bytes)
[    5.423838] squashfs: version 4.0 (2009/01/31) Phillip Lougher
[    5.432750] fuse init (API version 7.23)
[    5.444743] Key type big_key registered
[    5.447486] Allocating IMA MOK and blacklist keyrings.
[    5.451562] Key type asymmetric registered
[    5.466902] Asymmetric key parser 'x509' registered
[    5.483835] Block layer SCSI generic (bsg) driver version 0.4 loaded (major 249)
[    5.501463] io scheduler noop registered
[    5.504640] io scheduler deadline registered (default)
[    5.512702] io scheduler cfq registered
[    5.526574] pci_hotplug: PCI Hot Plug PCI Core version: 0.5
[    5.556622] pciehp: PCI Express Hot Plug Controller Driver version: 0.4
[    5.567700] ACPI: AC Adapter [AC] (on-line)
[    5.572819] input: Power Button as /devices/LNXSYSTM:00/LNXPWRBN:00/input/input0
[    5.577591] ACPI: Power Button [PWRF]
[    5.580337] input: Sleep Button as /devices/LNXSYSTM:00/LNXSLPBN:00/input/input1
[    5.582979] ACPI: Sleep Button [SLPF]
[    5.585922] ACPI: Battery Slot [BAT0] (battery present)
[    5.592719] GHES: HEST is not enabled!
[    5.599223] Serial: 8250/16550 driver, 32 ports, IRQ sharing enabled
[    5.639989] 00:02: ttyS0 at I/O 0x3f8 (irq = 4, base_baud = 115200) is a 16550A
[    5.663614] Linux agpgart interface v0.103
[    5.670128] loop: module loaded
[    5.681677] scsi host0: ata_piix
[    5.702432] scsi host1: ata_piix
[    5.707043] ata1: PATA max UDMA/33 cmd 0x1f0 ctl 0x3f6 bmdma 0xd000 irq 14
[    5.736015] ata2: PATA max UDMA/33 cmd 0x170 ctl 0x376 bmdma 0xd008 irq 15
[    5.770753] libphy: Fixed MDIO Bus: probed
[    5.778147] tun: Universal TUN/TAP device driver, 1.6
[    5.780523] tun: (C) 1999-2004 Max Krasnyansky <maxk@qualcomm.com>
[    5.794090] PPP generic driver version 2.4.2
[    5.798980] ehci_hcd: USB 2.0 'Enhanced' Host Controller (EHCI) Driver
[    5.803728] ehci-pci: EHCI PCI platform driver
[    5.818714] ehci-platform: EHCI generic platform driver
[    5.824389] ohci_hcd: USB 1.1 'Open' Host Controller (OHCI) Driver
[    5.830128] ohci-pci: OHCI PCI platform driver
[    5.840567] ohci-platform: OHCI generic platform driver
[    5.848396] uhci_hcd: USB Universal Host Controller Interface driver
[    5.860579] i8042: PNP: PS/2 Controller [PNP0303:PS2K,PNP0f03:PS2M] at 0x60,0x64 irq 1,12
[    5.890438] serio: i8042 KBD port at 0x60,0x64 irq 1
[    5.907899] serio: i8042 AUX port at 0x60,0x64 irq 12
[    5.912126] mousedev: PS/2 mouse device common for all mice
[    5.918590] input: AT Translated Set 2 keyboard as /devices/platform/i8042/serio0/input/input2
[    5.928844] rtc_cmos rtc_cmos: rtc core: registered rtc_cmos as rtc0
[    5.952082] rtc_cmos rtc_cmos: alarms up to one day, 114 bytes nvram
[    5.962052] i2c /dev entries driver
[    5.966074] device-mapper: uevent: version 1.0.3
[    5.981036] device-mapper: ioctl: 4.34.0-ioctl (2015-10-28) initialised: dm-devel@redhat.com
[    5.997360] ledtrig-cpu: registered to indicate activity on CPUs
[    6.018961] NET: Registered protocol family 10
[    6.022980] NET: Registered protocol family 17
[    6.026781] Key type dns_resolver registered
[    6.062515] microcode: CPU0 sig=0x20655, pf=0x4, revision=0x616
[    6.099610] microcode: CPU1 sig=0x20655, pf=0x4, revision=0x616
[    6.127646] microcode: Microcode Update Driver: v2.01 <tigran@aivazian.fsnet.co.uk>, Peter Oruba
[    6.159659] registered taskstats version 1
[    6.177651] Loading compiled-in X.509 certificates
[    6.189925] Loaded X.509 cert 'Build time autogenerated kernel key: 7431eaeda5a51458aeb00f8de0f18f89e178d882'
[    6.204223] zswap: loaded using pool lzo/zbud
[    6.212613] Key type trusted registered
[    6.252104] Key type encrypted registered
[    6.279565] AppArmor: AppArmor sha1 policy hashing enabled
[    6.286605] ima: No TPM chip found, activating TPM-bypass!
[    6.316864] tsc: Refined TSC clocksource calibration: 2529.256 MHz
[    6.316869] clocksource: tsc: mask: 0xffffffffffffffff max_cycles: 0x24752f111df, max_idle_ns: 440795297644 ns
[    6.391449] evm: HMAC attrs: 0x1
[    6.407523]   Magic number: 2:131:635
[    6.418301] rtc_cmos rtc_cmos: setting system clock to 2018-01-16 13:37:53 UTC (1516109873)
[    6.425572] BIOS EDD facility v0.16 2004-Jun-25, 0 devices found
[    6.439600] EDD information not available.
[    6.443056] Freeing unused kernel memory: 1492K
[    6.470394] Write protecting the kernel read-only data: 14336k
[    6.501117] Freeing unused kernel memory: 1744K
[    6.527299] Freeing unused kernel memory: 108K
Loading, please wait...
starting version[    6.562269] random: systemd-udevd: uninitialized urandom read (16 bytes read, 2 bits of entropy available)
 229
[    6.563824] random: udevadm: uninitialized urandom read (16 bytes read, 2 bits of entropy available)
[    6.563874] random: udevadm: uninitialized urandom read (16 bytes read, 2 bits of entropy available)
[    6.583414] random: udevadm: uninitialized urandom read (16 bytes read, 2 bits of entropy available)
[    6.583500] random: udevadm: uninitialized urandom read (16 bytes read, 2 bits of entropy available)
[    6.583798] random: udevadm: uninitialized urandom read (16 bytes read, 2 bits of entropy available)
[    6.583921] random: udevadm: uninitialized urandom read (16 bytes read, 2 bits of entropy available)
[    6.584035] random: udevadm: uninitialized urandom read (16 bytes read, 2 bits of entropy available)
[    6.584188] random: udevadm: uninitialized urandom read (16 bytes read, 2 bits of entropy available)
[    6.584311] random: udevadm: uninitialized urandom read (16 bytes read, 2 bits of entropy available)
[    6.719466] e1000: Intel(R) PRO/1000 Network Driver - version 7.3.21-k8-NAPI
[    6.750115] e1000: Copyright (c) 1999-2006 Intel Corporation.
[    6.754710] Fusion MPT base driver 3.04.20
[    6.763813] Copyright (c) 1999-2008 LSI Corporation
[    6.816800] Fusion MPT SPI Host driver 3.04.20
[    7.065660] input: ImExPS/2 Generic Explorer Mouse as /devices/platform/i8042/serio1/input/input4
[    7.454045] e1000 0000:00:03.0 eth0: (PCI:33MHz:32-bit) 02:eb:a5:7d:f3:dc
[    7.462254] e1000 0000:00:03.0 eth0: Intel(R) PRO/1000 Network Connection
[    7.879074] e1000 0000:00:08.0 eth1: (PCI:33MHz:32-bit) 08:00:27:0a:86:dc
[    7.892855] e1000 0000:00:08.0 eth1: Intel(R) PRO/1000 Network Connection
[    7.918305] e1000 0000:00:03.0 enp0s3: renamed from eth0
[    7.936701] mptbase: ioc0: Initiating bringup
[    7.953061] e1000 0000:00:08.0 enp0s8: renamed from eth1
[    8.021502] ioc0: LSI53C1030 A0: Capabilities={Initiator}
[    8.194959] scsi host2: ioc0: LSI53C1030 A0, FwRev=00000000h, Ports=1, MaxQ=256, IRQ=20
[    8.313637] scsi 2:0:0:0: Direct-Access     VBOX     HARDDISK         1.0  PQ: 0 ANSI: 5
[    8.333392] scsi target2:0:0: Beginning Domain Validation
[    8.339306] scsi target2:0:0: Domain Validation skipping write tests
[    8.349996] scsi target2:0:0: Ending Domain Validation
[    8.353695] scsi target2:0:0: asynchronous
[    8.370648] scsi 2:0:1:0: Direct-Access     VBOX     HARDDISK         1.0  PQ: 0 ANSI: 5
[    8.389600] scsi target2:0:1: Beginning Domain Validation
[    8.397743] scsi target2:0:1: Domain Validation skipping write tests
[    8.402481] scsi target2:0:1: Ending Domain Validation
[    8.404301] scsi target2:0:1: asynchronous
[    8.418266] sd 2:0:0:0: Attached scsi generic sg0 type 0
[    8.418907] sd 2:0:0:0: [sda] 20971520 512-byte logical blocks: (10.7 GB/10.0 GiB)
[    8.419321] sd 2:0:0:0: [sda] Write Protect is off
[    8.419518] sd 2:0:0:0: [sda] Incomplete mode parameter data
[    8.419520] sd 2:0:0:0: [sda] Assuming drive cache: write through
[    8.421915]  sda: sda1
[    8.423345] sd 2:0:0:0: [sda] Attached SCSI disk
[    8.473339] sd 2:0:1:0: [sdb] 20480 512-byte logical blocks: (10.5 MB/10.0 MiB)
[    8.495632] sd 2:0:1:0: Attached scsi generic sg1 type 0
[    8.512595] sd 2:0:1:0: [sdb] Write Protect is off
[    8.521513] sd 2:0:1:0: [sdb] Incomplete mode parameter data
[    8.546171] sd 2:0:1:0: [sdb] Assuming drive cache: write through
[    8.567565] sd 2:0:1:0: [sdb] Attached SCSI disk
[    9.837217] floppy0: no floppy controllers found
Begin: Loading essential drivers[   11.532993] md: linear personality registered for level -1
 ... [   11.555489] md: multipath personality registered for level -4
[   11.575251] md: raid0 personality registered for level 0
[   11.600333] md: raid1 personality registered for level 1
[   11.689114] raid6: sse2x1   gen()  5212 MB/s
[   11.769224] raid6: sse2x1   xor()  4438 MB/s
[   11.849321] raid6: sse2x2   gen()  6673 MB/s
[   11.928644] raid6: sse2x2   xor()  3965 MB/s
[   11.997314] raid6: sse2x4   gen()  5813 MB/s
[   12.064534] raid6: sse2x4   xor()  2899 MB/s
[   12.073904] raid6: using algorithm sse2x2 gen() 6673 MB/s
[   12.093059] raid6: .... xor() 3965 MB/s, rmw enabled
[   12.099943] raid6: using ssse3x2 recovery algorithm
[   12.110755] xor: measuring software checksum speed
[   12.184427]    prefetch64-sse:  8123.000 MB/sec
[   12.261754]    generic_sse:  5133.000 MB/sec
[   12.269310] xor: using function: prefetch64-sse (8123.000 MB/sec)
[   12.298915] async_tx: api initialized (async)
[   12.329291] md: raid6 personality registered for level 6
[   12.354916] md: raid5 personality registered for level 5
[   12.370569] md: raid4 personality registered for level 4
[   12.403669] md: raid10 personality registered for level 10
done.
Begin: Running /scripts/init-premount ... done.
Begin: Mounting root file system ... Begin: Running /scripts/local-top ... done.
Begin: Running /scripts/local-premount ... [   12.494765] Btrfs loaded
Scanning for Btrfs filesystems
done.
Warning: fsck not present, so sk[   12.561359] EXT4-fs (sda1): mounted filesystem with ordered data mode. Opts: (null)
ipping root file system
done.
Begin: Running /scripts/local-bottom ... done.
Begin: Running /scripts/init-bottom ... done.
[   12.875316] systemd[1]: systemd 229 running in system mode. (+PAM +AUDIT +SELINUX +IMA +APPARMOR +SMACK +SYSVINIT +UTMP +LIBCRYPTSETUP +GCRYPT +GNUTLS +ACL +XZ -LZ4 +SECCOMP +BLKID +ELFUTILS +KMOD -IDN)
[   12.922405] systemd[1]: Detected virtualization oracle.
[   12.936026] systemd[1]: Detected architecture x86-64.

Welcome to [1mUbuntu 16.04.3 LTS[0m!

[   12.966803] systemd[1]: Set hostname to <ubuntu-xenial>.
[   13.252228] systemd[1]: Started Forward Password Requests to Wall Directory Watch.
[[0;32m  OK  [0m] Started Forward Password Requests to Wall Directory Watch.
[   13.288418] systemd[1]: Reached target Swap.
[[0;32m  OK  [0m] Reached target Swap.
[   13.309140] systemd[1]: Listening on Journal Socket (/dev/log).
[[0;32m  OK  [0m] Listening on Journal Socket (/dev/log).
[   13.357226] systemd[1]: Listening on udev Control Socket.
[[0;32m  OK  [0m] Listening on udev Control Socket.
[   13.396918] systemd[1]: Listening on Journal Audit Socket.
[[0;32m  OK  [0m] Listening on Journal Audit Socket.
[   13.410456] systemd[1]: Listening on LVM2 poll daemon socket.
[[0;32m  OK  [0m] Listening on LVM2 poll daemon socket.
[   13.433208] systemd[1]: Listening on Syslog Socket.
[[0;32m  OK  [0m] Listening on Syslog Socket.
[   13.439758] systemd[1]: Created slice User and Session Slice.
[[0;32m  OK  [0m] Created slice User and Session Slice.
[   13.461112] systemd[1]: Listening on LVM2 metadata daemon socket.
[[0;32m  OK  [0m] Listening on LVM2 metadata daemon socket.
[   13.488813] systemd[1]: Reached target Encrypted Volumes.
[[0;32m  OK  [0m] Reached target Encrypted Volumes.
[   13.510067] systemd[1]: Listening on Journal Socket.
[[0;32m  OK  [0m] Listening on Journal Socket.
[   13.521529] systemd[1]: Started Trigger resolvconf update for networkd DNS.
[[0;32m  OK  [0m] Started Trigger resolvconf update for networkd DNS.
[   13.569047] systemd[1]: Listening on Device-mapper event daemon FIFOs.
[[0;32m  OK  [0m] Listening on Device-mapper event daemon FIFOs.
[   13.589216] systemd[1]: Set up automount Arbitrary Executable File Formats File System Automount Point.
[[0;32m  OK  [0m] Set up automount Arbitrary Executab...ats File System Automount Point.
[   13.647393] systemd[1]: Listening on udev Kernel Socket.
[[0;32m  OK  [0m] Listening on udev Kernel Socket.
[   13.669538] systemd[1]: Created slice System Slice.
[[0;32m  OK  [0m] Created slice System Slice.
[   13.691130] systemd[1]: Reached target Slices.
[[0;32m  OK  [0m] Reached target Slices.
[   13.721034] systemd[1]: Mounting Debug File System...
         Mounting Debug File System...
[   13.765016] systemd[1]: Starting Set console keymap...
         Starting Set console keymap...
[   13.784354] systemd[1]: Starting Uncomplicated firewall...
         Starting Uncomplicated firewall...
[   13.814141] systemd[1]: Mounting POSIX Message Queue File System...
         Mounting POSIX Message Queue File System...
[   13.861635] systemd[1]: Starting Monitoring of LVM2 mirrors, snapshots etc. using dmeventd or progress polling...
         Starting Monitoring of LVM2 mirrors... dmeventd or progress polling...
[   13.915493] systemd[1]: Starting Nameserver information manager...
         Starting Nameserver information manager...
[   13.952674] systemd[1]: Mounting Huge Pages File System...
         Mounting Huge Pages File System...
[   13.973582] systemd[1]: Starting Load Kernel Modules...
[   13.985768] Loading iSCSI transport class v2.0-870.
         Starting Load Kernel Modules...
[   13.992309] systemd[1]: Starting Journal Service...
         Starting Journal Service...
[   14.022717] iscsi: registered transport (tcp)
[   14.032512] systemd[1]: Created slice system-serial\x2dgetty.slice.
[[0;32m  OK  [0m] Created slice system-serial\x2dgetty.slice.
[   14.071018] random: nonblocking pool is initialized
[   14.100984] systemd[1]: Starting Create list of required static device nodes for the current kernel...
         Starting Create [   14.160890] iscsi: registered transport (iser)
list of required st... nodes for the current kernel...
[   14.169839] systemd[1]: Listening on /dev/initctl Compatibility Named Pipe.
[[0;32m  OK  [0m] Listening on /dev/initctl Compatibility Named Pipe.
[   14.224868] systemd[1]: Starting Remount Root and Kernel File Systems...
         [   14.244456] EXT4-fs (sda1): re-mounted. Opts: (null)
Starting Remount Root and Kernel File Systems...
[   14.251958] systemd[1]: Reached target User and Group Name Lookups.
[[0;32m  OK  [0m] Reached target User and Group Name Lookups.
[   14.279455] systemd[1]: Mounted POSIX Message Queue File System.
[[0;32m  OK  [0m] Mounted POSIX Message Queue File System.
[   14.290766] systemd[1]: Mounted Debug File System.
[[0;32m  OK  [0m] Mounted Debug File System.
[   14.311453] systemd[1]: Mounted Huge Pages File System.
[[0;32m  OK  [0m] Mounted Huge Pages File System.
[   14.345566] systemd[1]: Started Journal Service.
[[0;32m  OK  [0m] Started Journal Service.
[[0;32m  OK  [0m] Started Set console keymap.
[[0;32m  OK  [0m] Started Uncomplicated firewall.
[[0;32m  OK  [0m] Started Load Kernel Modules.
[[0;32m  OK  [0m] Started Create list of required sta...ce nodes for the current kernel.
[[0;32m  OK  [0m] Started Remount Root and Kernel File Systems.
[[0;32m  OK  [0m] Started Nameserver information manager.
[[0;32m  OK  [0m] Started LVM2 metadata daemon.
         Starting Initial cloud-init job (pre-networking)...
         Starting Load/Save Random Seed...
         Starting udev Coldplug all Devices...
         Starting Create Static Device Nodes in /dev...
         Mounting FUSE Control File System...
         Starting Apply Kernel Variables...
         Starting Flush Journal to Persistent Storage...
[[0;32m  OK  [0m] Mounted FUSE Control File System.
[[0;32m  OK  [0m] Started Load/Save Random Seed.
[[0;32m  OK  [0m] Started Create Static Device Nodes in /dev.
[[0;32m  OK  [0m] Started Apply Kernel Variables.
[[0;32m  OK  [0m] Started udev Coldplug all Devices.
[[0;32m  OK  [0m] Started Flush Journal to Persistent Storage.
         Starting udev Kernel Device Manager...
[[0;32m  OK  [0m] Started udev Kernel Device Manager.
[[0;32m  OK  [0m] Started Dispatch Password Requests to Console Directory Watch.
[[0;32m  OK  [0m] Started Monitoring of LVM2 mirrors,...ng dmeventd or progress polling.
[[0;32m  OK  [0m] Reached target Local File Systems (Pre).
[[0;32m  OK  [0m] Reached target Local File Systems.
         Starting Create Volatile Files and Directories...
         Starting Set console font and keymap...
         Starting LSB: AppArmor initialization...
         Starting Tell Plymouth To Write Out Runtime Data...
[[0;32m  OK  [0m] Started Create Volatile Files and Directories.
[[0;32m  OK  [0m] Started Tell Plymouth To Write Out Runtime Data.
         Starting Update UTMP about System Boot/Shutdown...
[[0;32m  OK  [0m] Reached target System Time Synchronized.
[[0;32m  OK  [0m] Found device /dev/ttyS0.
[[0;32m  OK  [0m] Started Update UTMP about System Boot/Shutdown.
[[0;32m  OK  [0m] Started LSB: AppArmor initialization.
[[0;32m  OK  [0m] Found device 82540EM Gigabit Ethern...r (PRO/1000 MT Desktop Adapter).
[[0;32m  OK  [0m] Found device 82540EM Gigabit Ethern...r (PRO/1000 MT Desktop Adapter).
[[0;32m  OK  [0m] Started Set console font and keymap.
[[0;32m  OK  [0m] Created slice system-getty.slice.
[[0;32m  OK  [0m] Listening on Load/Save RF Kill Switch Status /dev/rfkill Watch.
[   15.448012] cloud-init[429]: Cloud-init v. 17.1 running 'init-local' at Tue, 16 Jan 2018 13:38:03 +0000. Up 14.88 seconds.
[[0;32m  OK  [0m] Started Initial cloud-init job (pre-networking).
[[0;32m  OK  [0m] Reached target Network (Pre).
[[0;32m  OK  [0m] Started ifup for enp0s8.
         Starting Raise network interfaces...
[[0;32m  OK  [0m] Started ifup for enp0s3.
[[0;32m  OK  [0m] Started Raise network interfaces.
[[0;32m  OK  [0m] Reached target Network.
         Starting Initial cloud-init job (metadata service crawler)...
[   17.706827] cloud-init[1038]: Cloud-init v. 17.1 running 'init' at Tue, 16 Jan 2018 13:38:05 +0000. Up 17.16 seconds.
[   17.734164] cloud-init[1038]: ci-info: ++++++++++++++++++++++++++++++++++++++Net device info++++++++++++++++++++++++++++++++++++++
[   17.762111] cloud-init[1038]: ci-info: +--------+------+-----------------------------+---------------+-------+-------------------+
[   17.785797] cloud-init[1038]: ci-info: | Device |  Up  |           Address           |      Mask     | Scope |     Hw-Address    |
[   17.828504] cloud-init[1038]: ci-info: +--------+------+-----------------------------+---------------+-------+-------------------+
[   17.864675] cloud-init[1038]: ci-info: | enp0s3 | True |          10.0.2.15          | 255.255.255.0 |   .   | 02:eb:a5:7d:f3:dc |
[   17.865191] cloud-init[1038]: ci-info: | enp0s3 | True |  fe80::eb:a5ff:fe7d:f3dc/64 |       .       |  link | 02:eb:a5:7d:f3:dc |
[   17.865317] cloud-init[1038]: ci-info: | enp0s8 | True |        192.168.33.10        | 255.255.255.0 |   .   | 08:00:27:0a:86:dc |
[   17.865435] cloud-init[1038]: ci-info: | enp0s8 | True | fe80::a00:27ff:fe0a:86dc/64 |       .       |  link | 08:00:27:0a:86:dc |
[   17.865593] cloud-init[1038]: ci-info: |   lo   | True |          127.0.0.1          |   255.0.0.0   |   .   |         .         |
[   17.865733] cloud-init[1038]: ci-info: |   lo   | True |           ::1/128           |       .       |  host |         .         |
[   17.865853] cloud-init[1038]: ci-info: +--------+------+-----------------------------+---------------+-------+-------------------+
[   17.865971] cloud-init[1038]: ci-info: ++++++++++++++++++++++++++++Route IPv4 info++++++++++++++++++++++++++++
[   17.866125] cloud-init[1038]: ci-info: +-------+--------------+----------+---------------+-----------+-------+
[   17.866254] cloud-init[1038]: ci-info: | Route | Destination  | Gateway  |    Genmask    | Interface | Flags |
[   17.866372] cloud-init[1038]: ci-info: +-------+--------------+----------+---------------+-----------+-------+
[   17.866497] cloud-init[1038]: ci-info: |   0   |   0.0.0.0    | 10.0.2.2 |    0.0.0.0    |   enp0s3  |   UG  |
[   17.866655] cloud-init[1038]: ci-info: |   1   |   10.0.2.0   | 0.0.0.0  | 255.255.255.0 |   enp0s3  |   U   |
[   17.866777] cloud-init[1038]: ci-info: |   2   | 192.168.33.0 | 0.0.0.0  | 255.255.255.0 |   enp0s8  |   U   |
[   17.866896] cloud-init[1038]: ci-info: +-------+--------------+----------+---------------+-----------+-------+
[[0;32m  OK  [0m] Started Initial cloud-init job (metadata service crawler).
[[0;32m  OK  [0m] Reached target System Initialization.
[[0;32m  OK  [0m] Listening on D-Bus System Message Bus Socket.
         Starting LXD - unix socket.
[[0;32m  OK  [0m] Listening on UUID daemon activation socket.
         Starting Socket activation for snappy daemon.
[[0;32m  OK  [0m] Started Daily Cleanup of Temporary Directories.
[[0;32m  OK  [0m] Listening on ACPID Listen Socket.
[[0;32m  OK  [0m] Started ACPI Events Check.
[[0;32m  OK  [0m] Reached target Paths.
[[0;32m  OK  [0m] Started Timer to automatically refresh installed snaps.
[[0;32m  OK  [0m] Reached target Network is Online.
         Starting iSCSI initiator daemon (iscsid)...
[[0;32m  OK  [0m] Started Daily apt download activities.
[[0;32m  OK  [0m] Started Daily apt upgrade and clean activities.
[[0;32m  OK  [0m] Reached target Timers.
[[0;32m  OK  [0m] Reached target Cloud-config availability.
[[0;32m  OK  [0m] Listening on LXD - unix socket.
[[0;32m  OK  [0m] Listening on Socket activation for snappy daemon.
[[0;32m  OK  [0m] Started iSCSI initiator daemon (iscsid).
         Starting Login to default iSCSI targets...
[[0;32m  OK  [0m] Reached target Sockets.
[[0;32m  OK  [0m] Reached target Basic System.
         Starting LXD - container startup/shutdown...
[[0;32m  OK  [0m] Started Regular background program processing daemon.
         Starting Login Service...
         Starting Apply the settings specified in cloud-config...
         Starting System Logging Service...
         Starting OpenBSD Secure Shell server...
[[0;32m  OK  [0m] Started Unattended Upgrades Shutdown.
         Starting LSB: Record successful boot for GRUB...
[[0;32m  OK  [0m] Started FUSE filesystem for LXC.
         Starting Snappy daemon...
[[0;32m  OK  [0m] Started D-Bus System Message Bus.
         Starting LSB: MD monitoring daemon...
[[0;32m  OK  [0m] Started Deferred execution scheduler.
[[0;32m  OK  [0m] Started ACPI event daemon.
         Starting /etc/rc.local Compatibility...
         Starting Accounts Service...
[[0;32m  OK  [0m] Started System Logging Service.
[[0;32m  OK  [0m] Started OpenBSD Secure Shell server.
[[0;32m  OK  [0m] Started Snappy daemon.
[[0;32m  OK  [0m] Started LXD - container startup/shutdown.
[[0;32m  OK  [0m] Started /etc/rc.local Compatibility.
[[0;32m  OK  [0m] Started Login to default iSCSI targets.
[[0;32m  OK  [0m] Started LSB: Record successful boot for GRUB.
[[0;32m  OK  [0m] Started LSB: MD monitoring daemon.
[[0;32m  OK  [0m] Started Login Service.
         Starting Authenticate and Authorize Users to Run Privileged Tasks...
[[0;32m  OK  [0m] Reached target Remote File Systems (Pre).
[[0;32m  OK  [0m] Reached target Remote File Systems.
         Starting LSB: Set the CPU Frequency Scaling governor to "ondemand"...
         Starting LSB: daemon to balance interrupts for SMP systems...
         Starting LSB: automatic crash report generation...
         Starting LSB: VirtualBox Linux Additions...
         Starting Permit User Sessions...
[[0;32m  OK  [0m] Started Permit User Sessions.
[[0;32m  OK  [0m] Started Authenticate and Authorize Users to Run Privileged Tasks.
[[0;32m  OK  [0m] Started Accounts Service.
[[0;32m  OK  [0m] Started LSB: Set the CPU Frequency Scaling governor to "ondemand".
[[0;32m  OK  [0m] Started LSB: daemon to balance interrupts for SMP systems.
         Starting Hold until boot process finishes up...
         Starting Terminate Plymouth Boot Screen...
[[0;32m  OK  [0m] Started LSB: automatic crash report generation.
[[0;32m  OK  [0m] Started Hold until boot process finishes up.
[[0;32m  OK  [0m] Started Terminate Plymouth Boot Screen.
[[0;32m  OK  [0m] Started Getty on tty1.
[   19.911271] cloud-init[1103]: Cloud-init v. 17.1 running 'modules:config' at Tue, 16 Jan 2018 13:38:08 +0000. Up 19.47 seconds.
[[0;32m  OK  [0m] Started Serial Getty on ttyS0.
[[0;32m  OK  [0m] Reached target Login Prompts.
         Starting Set console scheme...
[[0;32m  OK  [0m] Started LSB: VirtualBox Linux Additions.
[[0;32m  OK  [0m] Started Set console scheme.
[[0;32m  OK  [0m] Started Apply the settings specified in cloud-config.
[[0;32m  OK  [0m] Reached target Multi-User System.
         Starting Execute cloud user/final scripts...
[[0;32m  OK  [0m] Reached target Graphical Interface.
         Starting Update UTMP about System Runlevel Changes...
[[0;32m  OK  [0m] Started Update UTMP about System Runlevel Changes.
[   21.639987] cloud-init[1268]: Cloud-init v. 17.1 running 'modules:final' at Tue, 16 Jan 2018 13:38:09 +0000. Up 21.18 seconds.
[   21.651265] cloud-init[1268]: Cloud-init v. 17.1 finished at Tue, 16 Jan 2018 13:38:10 +0000. Datasource DataSourceNoCloud [seed=/dev/sdb][dsmode=net].  Up 21.62 seconds
[[0;32m  OK  [0m] Started Execute cloud user/final scripts.
[[0;32m  OK  [0m] Reached target Cloud-init target.

Ubuntu 16.04.3 LTS ubuntu-xenial ttyS0

ubuntu-xenial login: 